2006.08.26 09:49 B C:\from_tma\java\c5\ArrayCards.class <-- tma /home/cwc/java/c5 ArrayCards.class
2006.08.26 09:49 B C:\from_tma\java\c5\ArrayCards.java <-- tma /home/cwc/java/c5 ArrayCards.java
2006.08.26 09:49 B C:\from_tma\java\c5\ArrayDemo.class <-- tma /home/cwc/java/c5 ArrayDemo.class
2006.08.26 09:49 B C:\from_tma\java\c5\ArrayDemo.java <-- tma /home/cwc/java/c5 ArrayDemo.java
2006.08.26 09:49 B C:\from_tma\java\c5\ArrayDemo.java~ <-- tma /home/cwc/java/c5 ArrayDemo.java~
2006.08.26 09:49 B C:\from_tma\java\c5\ArrayDemo2D.class <-- tma /home/cwc/java/c5 ArrayDemo2D.class
2006.08.26 09:49 B C:\from_tma\java\c5\ArrayDemo2D.java <-- tma /home/cwc/java/c5 ArrayDemo2D.java
2006.08.26 09:49 B C:\from_tma\java\c5\ArrayDemo2D.java~ <-- tma /home/cwc/java/c5 ArrayDemo2D.java~
2006.08.26 09:49 B C:\from_tma\java\c5\AscLogic.class <-- tma /home/cwc/java/c5 AscLogic.class
2006.08.26 09:49 B C:\from_tma\java\c5\AscLogic.java <-- tma /home/cwc/java/c5 AscLogic.java
2006.08.26 09:49 B C:\from_tma\java\c5\Average.class <-- tma /home/cwc/java/c5 Average.class
2006.08.26 09:49 B C:\from_tma\java\c5\Average.java <-- tma /home/cwc/java/c5 Average.java
2006.08.26 09:49 B C:\from_tma\java\c5\binary_calc.sxc <-- tma /home/cwc/java/c5 binary_calc.sxc
2006.08.26 09:49 B C:\from_tma\java\c5\BinCon.class <-- tma /home/cwc/java/c5 BinCon.class
2006.08.26 09:49 B C:\from_tma\java\c5\BubbleDemo.class <-- tma /home/cwc/java/c5 BubbleDemo.class
2006.08.26 09:49 B C:\from_tma\java\c5\BubbleDemo.java <-- tma /home/cwc/java/c5 BubbleDemo.java
2006.08.26 09:49 B C:\from_tma\java\c5\BubbleDemo.java~ <-- tma /home/cwc/java/c5 BubbleDemo.java~
2006.08.26 09:49 B C:\from_tma\java\c5\BubbleSort.class <-- tma /home/cwc/java/c5 BubbleSort.class
2006.08.26 09:49 B C:\from_tma\java\c5\BubbleSort.java <-- tma /home/cwc/java/c5 BubbleSort.java
2006.08.26 09:49 B C:\from_tma\java\c5\BubbleSort.java~ <-- tma /home/cwc/java/c5 BubbleSort.java~
2006.08.26 09:49 B C:\from_tma\java\c5\BubbleSortD.class <-- tma /home/cwc/java/c5 BubbleSortD.class
2006.08.26 09:49 B C:\from_tma\java\c5\BubbleSortD.java <-- tma /home/cwc/java/c5 BubbleSortD.java
2006.08.26 09:49 B C:\from_tma\java\c5\BubbleString.class <-- tma /home/cwc/java/c5 BubbleString.class
2006.08.26 09:49 B C:\from_tma\java\c5\BubbleString.java <-- tma /home/cwc/java/c5 BubbleString.java
2006.08.26 09:49 B C:\from_tma\java\c5\BubbleString.java~ <-- tma /home/cwc/java/c5 BubbleString.java~
2006.08.26 09:49 B C:\from_tma\java\c5\BuildWord.class <-- tma /home/cwc/java/c5 BuildWord.class
2006.08.26 09:49 B C:\from_tma\java\c5\BuildWord.java <-- tma /home/cwc/java/c5 BuildWord.java
2006.08.26 09:49 B C:\from_tma\java\c5\BuildWord.java~ <-- tma /home/cwc/java/c5 BuildWord.java~
2006.08.26 09:49 B C:\from_tma\java\c5\Cards.backup <-- tma /home/cwc/java/c5 Cards.backup
2006.08.26 09:49 B C:\from_tma\java\c5\Cards.class <-- tma /home/cwc/java/c5 Cards.class
2006.08.26 09:49 B C:\from_tma\java\c5\Cards.java <-- tma /home/cwc/java/c5 Cards.java
2006.08.26 09:49 B C:\from_tma\java\c5\Cards.java.backup <-- tma /home/cwc/java/c5 Cards.java.backup
2006.08.26 09:49 B C:\from_tma\java\c5\Cards.java~ <-- tma /home/cwc/java/c5 Cards.java~
2006.08.26 09:49 B C:\from_tma\java\c5\CharAt.class <-- tma /home/cwc/java/c5 CharAt.class
2006.08.26 09:49 B C:\from_tma\java\c5\CharAt.java <-- tma /home/cwc/java/c5 CharAt.java
2006.08.26 09:49 B C:\from_tma\java\c5\CheckDups.class <-- tma /home/cwc/java/c5 CheckDups.class
2006.08.26 09:49 B C:\from_tma\java\c5\CheckForDuplicates.class <-- tma /home/cwc/java/c5 CheckForDuplicates.class
2006.08.26 09:49 B C:\from_tma\java\c5\CLA.class <-- tma /home/cwc/java/c5 CLA.class
2006.08.26 09:49 B C:\from_tma\java\c5\CLA.java <-- tma /home/cwc/java/c5 CLA.java
2006.08.26 09:49 B C:\from_tma\java\c5\CompareArrays.class <-- tma /home/cwc/java/c5 CompareArrays.class
2006.08.26 09:49 B C:\from_tma\java\c5\Double.class <-- tma /home/cwc/java/c5 Double.class
2006.08.26 09:49 B C:\from_tma\java\c5\Double.java <-- tma /home/cwc/java/c5 Double.java
2006.08.26 09:49 B C:\from_tma\java\c5\Double.java~ <-- tma /home/cwc/java/c5 Double.java~
2006.08.26 09:49 B C:\from_tma\java\c5\Encode.class <-- tma /home/cwc/java/c5 Encode.class
2006.08.26 09:49 B C:\from_tma\java\c5\Encode.java <-- tma /home/cwc/java/c5 Encode.java
2006.08.26 09:49 B C:\from_tma\java\c5\Encode.java~ <-- tma /home/cwc/java/c5 Encode.java~
2006.08.26 09:49 B C:\from_tma\java\c5\Encode2.java <-- tma /home/cwc/java/c5 Encode2.java
2006.08.26 09:49 B C:\from_tma\java\c5\OneD.class <-- tma /home/cwc/java/c5 OneD.class
2006.08.26 09:49 B C:\from_tma\java\c5\OneD.java <-- tma /home/cwc/java/c5 OneD.java
2006.08.26 09:49 B C:\from_tma\java\c5\OneD.java~ <-- tma /home/cwc/java/c5 OneD.java~
2006.08.26 09:49 B C:\from_tma\java\c5\OperatingOnStrings.class <-- tma /home/cwc/java/c5 OperatingOnStrings.class
2006.08.26 09:49 B C:\from_tma\java\c5\OperatingOnStrings.java <-- tma /home/cwc/java/c5 OperatingOnStrings.java
2006.08.26 09:49 B C:\from_tma\java\c5\OperatingOnStrings.java~ <-- tma /home/cwc/java/c5 OperatingOnStrings.java~
2006.08.26 09:49 B C:\from_tma\java\c5\Print.class <-- tma /home/cwc/java/c5 Print.class
2006.08.26 09:49 B C:\from_tma\java\c5\PrintArray.class <-- tma /home/cwc/java/c5 PrintArray.class
2006.08.26 09:49 B C:\from_tma\java\c5\QDemo.java <-- tma /home/cwc/java/c5 QDemo.java
2006.08.26 09:49 B C:\from_tma\java\c5\QDemo.java~ <-- tma /home/cwc/java/c5 QDemo.java~
2006.08.26 09:49 B C:\from_tma\java\c5\QSortDemo.java <-- tma /home/cwc/java/c5 QSortDemo.java
2006.08.26 09:49 B C:\from_tma\java\c5\RandomArray.class <-- tma /home/cwc/java/c5 RandomArray.class
2006.08.26 09:49 B C:\from_tma\java\c5\RandomArray.java <-- tma /home/cwc/java/c5 RandomArray.java
2006.08.26 09:49 B C:\from_tma\java\c5\RandomArray.java~ <-- tma /home/cwc/java/c5 RandomArray.java~
2006.08.26 09:49 B C:\from_tma\java\c5\RandomIndex.back <-- tma /home/cwc/java/c5 RandomIndex.back
2006.08.26 09:49 B C:\from_tma\java\c5\RandomIndex.back~ <-- tma /home/cwc/java/c5 RandomIndex.back~
2006.08.26 09:49 B C:\from_tma\java\c5\RandomIndex.class <-- tma /home/cwc/java/c5 RandomIndex.class
2006.08.26 09:49 B C:\from_tma\java\c5\RandomIndex.java <-- tma /home/cwc/java/c5 RandomIndex.java
2006.08.26 09:49 B C:\from_tma\java\c5\RandomIndex.java~ <-- tma /home/cwc/java/c5 RandomIndex.java~
2006.08.26 09:49 B C:\from_tma\java\c5\ShowBits.class <-- tma /home/cwc/java/c5 ShowBits.class
2006.08.26 09:49 B C:\from_tma\java\c5\ShowBitsDemo.class <-- tma /home/cwc/java/c5 ShowBitsDemo.class
2006.08.26 09:49 B C:\from_tma\java\c5\ShowBitsDemo.java <-- tma /home/cwc/java/c5 ShowBitsDemo.java
2006.08.26 09:49 B C:\from_tma\java\c5\Shuffle.class <-- tma /home/cwc/java/c5 Shuffle.class
2006.08.26 09:49 B C:\from_tma\java\c5\SimpleWord.class <-- tma /home/cwc/java/c5 SimpleWord.class
2006.08.26 09:49 B C:\from_tma\java\c5\SimpleWord.java <-- tma /home/cwc/java/c5 SimpleWord.java
2006.08.26 09:49 B C:\from_tma\java\c5\SimpleWord.java~ <-- tma /home/cwc/java/c5 SimpleWord.java~
2006.08.26 09:49 B C:\from_tma\java\c5\SubString.class <-- tma /home/cwc/java/c5 SubString.class
2006.08.26 09:49 B C:\from_tma\java\c5\SubString.java <-- tma /home/cwc/java/c5 SubString.java
2006.08.26 09:49 B C:\from_tma\java\c5\Ternary.class <-- tma /home/cwc/java/c5 Ternary.class
2006.08.26 09:49 B C:\from_tma\java\c5\Ternary.java <-- tma /home/cwc/java/c5 Ternary.java
2006.08.26 09:49 B C:\from_tma\java\c5\Ternary.java~ <-- tma /home/cwc/java/c5 Ternary.java~
2006.08.26 09:49 B C:\from_tma\java\c5\TheShuffle.class <-- tma /home/cwc/java/c5 TheShuffle.class
2006.08.26 09:49 B C:\from_tma\java\c5\TheShuffle.java <-- tma /home/cwc/java/c5 TheShuffle.java
2006.08.26 09:49 B C:\from_tma\java\c5\TheShuffle.java~ <-- tma /home/cwc/java/c5 TheShuffle.java~
2006.08.26 09:49 B C:\from_tma\java\c5\TheSuffle.class <-- tma /home/cwc/java/c5 TheSuffle.class
2006.08.26 09:49 B C:\from_tma\java\c5\TimeSort.class <-- tma /home/cwc/java/c5 TimeSort.class
2006.08.26 09:49 B C:\from_tma\java\c5\TimeSort.java <-- tma /home/cwc/java/c5 TimeSort.java
2006.08.26 09:49 B C:\from_tma\java\c5\TimeSort.java~ <-- tma /home/cwc/java/c5 TimeSort.java~
2006.08.26 09:49 B C:\from_tma\java\c5\TwoD.class <-- tma /home/cwc/java/c5 TwoD.class
2006.08.26 09:49 B C:\from_tma\java\c5\TwoD.java <-- tma /home/cwc/java/c5 TwoD.java
2006.08.26 09:49 B C:\from_tma\java\c5\TwoD.java~ <-- tma /home/cwc/java/c5 TwoD.java~
2006.08.26 09:49 B C:\from_tma\java\c5\TwoDRan.java <-- tma /home/cwc/java/c5 TwoDRan.java
2006.08.26 09:49 B C:\from_tma\java\c5\UniqueRandoms.class <-- tma /home/cwc/java/c5 UniqueRandoms.class
2006.08.26 09:49 B C:\from_tma\java\c5\UniqueRandoms.java <-- tma /home/cwc/java/c5 UniqueRandoms.java
2006.08.26 09:49 B C:\from_tma\java\c5\Value.class <-- tma /home/cwc/java/c5 Value.class
