2006.08.26 09:49 B C:\from_tma\java\c3\Bounce.class <-- tma /home/cwc/java/c3 Bounce.class
2006.08.26 09:49 B C:\from_tma\java\c3\Bounce.java <-- tma /home/cwc/java/c3 Bounce.java
2006.08.26 09:49 B C:\from_tma\java\c3\Bounce.java~ <-- tma /home/cwc/java/c3 Bounce.java~
2006.08.26 09:49 B C:\from_tma\java\c3\BounceSwitch.class <-- tma /home/cwc/java/c3 BounceSwitch.class
2006.08.26 09:49 B C:\from_tma\java\c3\BounceSwitch.java <-- tma /home/cwc/java/c3 BounceSwitch.java
2006.08.26 09:49 B C:\from_tma\java\c3\Buffer.class <-- tma /home/cwc/java/c3 Buffer.class
2006.08.26 09:49 B C:\from_tma\java\c3\Buffer.java <-- tma /home/cwc/java/c3 Buffer.java
2006.08.26 09:49 B C:\from_tma\java\c3\ContDemo.class <-- tma /home/cwc/java/c3 ContDemo.class
2006.08.26 09:49 B C:\from_tma\java\c3\ContDemo.java <-- tma /home/cwc/java/c3 ContDemo.java
2006.08.26 09:49 B C:\from_tma\java\c3\CountSpaces.class <-- tma /home/cwc/java/c3 CountSpaces.class
2006.08.26 09:49 B C:\from_tma\java\c3\CountSpaces.java <-- tma /home/cwc/java/c3 CountSpaces.java
2006.08.26 09:49 B C:\from_tma\java\c3\CountSpaces.java~ <-- tma /home/cwc/java/c3 CountSpaces.java~
2006.08.26 09:49 B C:\from_tma\java\c3\index.html <-- tma /home/cwc/java/c3 index.html
2006.08.26 09:49 B C:\from_tma\java\c3\index.html~ <-- tma /home/cwc/java/c3 index.html~
2006.08.26 09:49 B C:\from_tma\java\c3\Inkey.class <-- tma /home/cwc/java/c3 Inkey.class
2006.08.26 09:49 B C:\from_tma\java\c3\Inkey.java <-- tma /home/cwc/java/c3 Inkey.java
2006.08.26 09:49 B C:\from_tma\java\c3\Inkey.java~ <-- tma /home/cwc/java/c3 Inkey.java~
2006.08.26 09:49 B C:\from_tma\java\c3\Loops.class <-- tma /home/cwc/java/c3 Loops.class
2006.08.26 09:49 B C:\from_tma\java\c3\Loops.java <-- tma /home/cwc/java/c3 Loops.java
2006.08.26 09:49 B C:\from_tma\java\c3\NestedForLoops.class <-- tma /home/cwc/java/c3 NestedForLoops.class
2006.08.26 09:49 B C:\from_tma\java\c3\NestedForLoops.java <-- tma /home/cwc/java/c3 NestedForLoops.java
2006.08.26 09:49 B C:\from_tma\java\c3\NestedForLoops.java~ <-- tma /home/cwc/java/c3 NestedForLoops.java~
2006.08.26 09:49 B C:\from_tma\java\c3\QuestionIf.class <-- tma /home/cwc/java/c3 QuestionIf.class
2006.08.26 09:49 B C:\from_tma\java\c3\QuestionIf.java <-- tma /home/cwc/java/c3 QuestionIf.java
2006.08.26 09:49 B C:\from_tma\java\c3\QuestionIf.java~ <-- tma /home/cwc/java/c3 QuestionIf.java~
2006.08.26 09:49 B C:\from_tma\java\c3\RGB5.class <-- tma /home/cwc/java/c3 RGB5.class
2006.08.26 09:49 B C:\from_tma\java\c3\RGB5.java <-- tma /home/cwc/java/c3 RGB5.java
2006.08.26 09:49 B C:\from_tma\java\c3\Switch.class <-- tma /home/cwc/java/c3 Switch.class
2006.08.26 09:49 B C:\from_tma\java\c3\Switch.java <-- tma /home/cwc/java/c3 Switch.java
2006.08.26 09:49 B C:\from_tma\java\c3\Switch.java~ <-- tma /home/cwc/java/c3 Switch.java~
2006.08.26 09:49 B C:\from_tma\java\c3\SwitchLoop.class <-- tma /home/cwc/java/c3 SwitchLoop.class
2006.08.26 09:49 B C:\from_tma\java\c3\SwitchLoop.java <-- tma /home/cwc/java/c3 SwitchLoop.java
