2006.08.26 09:49 B C:\from_tma\java\c4\BuildPoly.class <-- tma /home/cwc/java/c4 BuildPoly.class
2006.08.26 09:49 B C:\from_tma\java\c4\BuildPoly.java <-- tma /home/cwc/java/c4 BuildPoly.java
2006.08.26 09:49 B C:\from_tma\java\c4\BuildPoly.java~ <-- tma /home/cwc/java/c4 BuildPoly.java~
2006.08.26 09:49 B C:\from_tma\java\c4\BuildPolynomial.class <-- tma /home/cwc/java/c4 BuildPolynomial.class
2006.08.26 09:49 B C:\from_tma\java\c4\BuildPolynomial.java <-- tma /home/cwc/java/c4 BuildPolynomial.java
2006.08.26 09:49 B C:\from_tma\java\c4\BuildPolynomial.java~ <-- tma /home/cwc/java/c4 BuildPolynomial.java~
2006.08.26 09:49 B C:\from_tma\java\c4\CalcRoot.class <-- tma /home/cwc/java/c4 CalcRoot.class
2006.08.26 09:49 B C:\from_tma\java\c4\CalcTerm.class <-- tma /home/cwc/java/c4 CalcTerm.class
2006.08.26 09:49 B C:\from_tma\java\c4\Div89.java <-- tma /home/cwc/java/c4 Div89.java
2006.08.26 09:49 B C:\from_tma\java\c4\Div89.java~ <-- tma /home/cwc/java/c4 Div89.java~
2006.08.26 09:49 B C:\from_tma\java\c4\EvalRoot.class <-- tma /home/cwc/java/c4 EvalRoot.class
2006.08.26 09:49 B C:\from_tma\java\c4\EvalRoot.java <-- tma /home/cwc/java/c4 EvalRoot.java
2006.08.26 09:49 B C:\from_tma\java\c4\EvalRoot.java~ <-- tma /home/cwc/java/c4 EvalRoot.java~
2006.08.26 09:49 B C:\from_tma\java\c4\FDemo.class <-- tma /home/cwc/java/c4 FDemo.class
2006.08.26 09:49 B C:\from_tma\java\c4\Final.java <-- tma /home/cwc/java/c4 Final.java
2006.08.26 09:49 B C:\from_tma\java\c4\Finalize.class <-- tma /home/cwc/java/c4 Finalize.class
2006.08.26 09:49 B C:\from_tma\java\c4\Finalize.java <-- tma /home/cwc/java/c4 Finalize.java
2006.08.26 09:49 B C:\from_tma\java\c4\Finalize.java~ <-- tma /home/cwc/java/c4 Finalize.java~
2006.08.26 09:49 B C:\from_tma\java\c4\GetProportion.class <-- tma /home/cwc/java/c4 GetProportion.class
2006.08.26 09:49 B C:\from_tma\java\c4\GetProportion.java <-- tma /home/cwc/java/c4 GetProportion.java
2006.08.26 09:49 B C:\from_tma\java\c4\Imaginary.class <-- tma /home/cwc/java/c4 Imaginary.class
2006.08.26 09:49 B C:\from_tma\java\c4\Imaginary.java <-- tma /home/cwc/java/c4 Imaginary.java
2006.08.26 09:49 B C:\from_tma\java\c4\Imaginary.java~ <-- tma /home/cwc/java/c4 Imaginary.java~
2006.08.26 09:49 B C:\from_tma\java\c4\Iproduct.class <-- tma /home/cwc/java/c4 Iproduct.class
2006.08.26 09:49 B C:\from_tma\java\c4\LongDiv.class <-- tma /home/cwc/java/c4 LongDiv.class
2006.08.26 09:49 B C:\from_tma\java\c4\LongDivision.class <-- tma /home/cwc/java/c4 LongDivision.class
2006.08.26 09:49 B C:\from_tma\java\c4\LongDivision.java <-- tma /home/cwc/java/c4 LongDivision.java
2006.08.26 09:49 B C:\from_tma\java\c4\LongDivision.java~ <-- tma /home/cwc/java/c4 LongDivision.java~
2006.08.26 09:49 B C:\from_tma\java\c4\MontyPi.class <-- tma /home/cwc/java/c4 MontyPi.class
2006.08.26 09:49 B C:\from_tma\java\c4\MontyPi.java <-- tma /home/cwc/java/c4 MontyPi.java
2006.08.26 09:49 B C:\from_tma\java\c4\MontyPi.java~ <-- tma /home/cwc/java/c4 MontyPi.java~
2006.08.26 09:49 B C:\from_tma\java\c4\My_Meth.class <-- tma /home/cwc/java/c4 My_Meth.class
2006.08.26 09:49 B C:\from_tma\java\c4\My_Meth.java <-- tma /home/cwc/java/c4 My_Meth.java
2006.08.26 09:49 B C:\from_tma\java\c4\My_Meth.rtf <-- tma /home/cwc/java/c4 My_Meth.rtf
2006.08.26 09:49 B C:\from_tma\java\c4\Poly.class <-- tma /home/cwc/java/c4 Poly.class
2006.08.26 09:49 B C:\from_tma\java\c4\Poly.java <-- tma /home/cwc/java/c4 Poly.java
2006.08.26 09:49 B C:\from_tma\java\c4\PolyMeth.class <-- tma /home/cwc/java/c4 PolyMeth.class
2006.08.26 09:49 B C:\from_tma\java\c4\PolyMeth.java <-- tma /home/cwc/java/c4 PolyMeth.java
2006.08.26 09:49 B C:\from_tma\java\c4\PolyMeth.java~ <-- tma /home/cwc/java/c4 PolyMeth.java~
2006.08.26 09:49 B C:\from_tma\java\c4\Proportion.class <-- tma /home/cwc/java/c4 Proportion.class
2006.08.26 09:49 B C:\from_tma\java\c4\Pwr.class <-- tma /home/cwc/java/c4 Pwr.class
2006.08.26 09:49 B C:\from_tma\java\c4\Term.class <-- tma /home/cwc/java/c4 Term.class
2006.08.26 09:49 B C:\from_tma\java\c4\Value.class <-- tma /home/cwc/java/c4 Value.class
2006.08.26 09:49 B C:\from_tma\java\c4\Wth.class <-- tma /home/cwc/java/c4 Wth.class
2006.08.26 09:49 B C:\from_tma\java\c4\Wth.java <-- tma /home/cwc/java/c4 Wth.java
